<?xml version="1.0" encoding="UTF-8"?>
<robot generator="Robot 7.3.2 (Python 3.14.0 on win32)" generated="2025-11-28T12:22:47.264173" rpa="false" schemaversion="5">
<suite id="s1" name="product search Tests" source="C:\Users\Aarushi\Desktop\Automation\OpenCart\tests\product_search_Tests.robot">
<test id="s1-t1" name="Search Products" line="9">
<tag>search</tag>
<tag>smoke</tag>
<status status="FAIL" start="2025-11-28T12:22:48.411063" elapsed="0.001366">Test cannot be empty.</status>
</test>
<status status="FAIL" start="2025-11-28T12:22:47.265957" elapsed="1.147245"/>
</suite>
<statistics>
<total>
<stat pass="0" fail="1" skip="0">All Tests</stat>
</total>
<tag>
<stat pass="0" fail="1" skip="0">search</stat>
<stat pass="0" fail="1" skip="0">smoke</stat>
</tag>
<suite>
<stat name="product search Tests" id="s1" pass="0" fail="1" skip="0">product search Tests</stat>
</suite>
</statistics>
<errors>
<msg time="2025-11-28T12:22:48.407719" level="ERROR">[ DataDriver ] Error in robot file:
  File "C:\Users\Aarushi\Desktop\Automation\OpenCart\tests\product_search_Tests.robot", line 0</msg>
<msg time="2025-11-28T12:22:48.407961" level="ERROR">In source file:
  File "C:\Users\Aarushi\Desktop\Automation\OpenCart\tests\..\data\product_names.xlsx", line 0</msg>
<msg time="2025-11-28T12:22:48.410719" level="ERROR">Calling method '_start_suite' of listener 'DataDriver' failed: AttributeError: No "Test Template" keyword found for first test case.</msg>
</errors>
</robot>
